<?xml version="1.0" encoding="UTF-8"?>
<testng-results ignored="1" total="2" passed="1" failed="0" skipped="0">
  <reporter-output>
  </reporter-output>
  <suite started-at="2022-02-18T17:01:16Z" name="Default suite" finished-at="2022-02-18T17:02:42Z" duration-ms="86009">
    <groups>
    </groups>
    <test started-at="2022-02-18T17:01:16Z" name="Default test" finished-at="2022-02-18T17:02:42Z" duration-ms="86009">
      <class name="com.batch.automation.test.LoginToMoneyControlTest">
        <test-method is-config="true" signature="launchBrowser()[pri:0, instance:com.batch.automation.test.LoginToMoneyControlTest@776a6d9b]" started-at="2022-02-18T22:31:16Z" name="launchBrowser" finished-at="2022-02-18T22:31:47Z" duration-ms="30505" status="PASS">
          <reporter-output>
          </reporter-output>
        </test-method> <!-- launchBrowser -->
        <test-method signature="loginTest()[pri:0, instance:com.batch.automation.test.LoginToMoneyControlTest@776a6d9b]" started-at="2022-02-18T22:31:47Z" name="loginTest" finished-at="2022-02-18T22:32:38Z" duration-ms="51450" status="PASS">
          <reporter-output>
          </reporter-output>
        </test-method> <!-- loginTest -->
        <test-method is-config="true" signature="closeBrowser()[pri:0, instance:com.batch.automation.test.LoginToMoneyControlTest@776a6d9b]" started-at="2022-02-18T22:32:38Z" name="closeBrowser" finished-at="2022-02-18T22:32:42Z" duration-ms="4023" status="PASS">
          <reporter-output>
          </reporter-output>
        </test-method> <!-- closeBrowser -->
      </class> <!-- com.batch.automation.test.LoginToMoneyControlTest -->
    </test> <!-- Default test -->
  </suite> <!-- Default suite -->
</testng-results>
