<?xml version="1.0" encoding="UTF-8"?>
<!-- Generated by org.testng.reporters.JUnitXMLReporter -->
<testsuite ignored="1" hostname="LAPTOP-KMCT746B" failures="0" tests="1" name="Default test" time="86.009" errors="0" timestamp="18 Feb 2022 17:02:44 GMT">
  <testcase classname="com.batch.automation.test.LoginToMoneyControlTest" name="loginTest" time="51.45"/>
  <testcase classname="com.batch.automation.test.LoginToMoneyControlTest" name="findFunds" time="0.0">
    <ignored/>
  </testcase> <!-- findFunds -->
</testsuite> <!-- Default test -->
